2023-06-01 18:18:55,877 [Worker-4: Loading available Gradle versions] INFO  o.e.b.c.i.u.g.PublishedGradleVersions - Gradle version information cache is up-to-date. Trying to read.
2023-06-01 18:29:18,164 [Worker-17: Update Maven projects configuration] INFO  o.e.m.c.i.p.ProjectConfigurationManager - Update started
2023-06-01 18:29:21,650 [Worker-17: Update Maven projects configuration] INFO  o.e.m.c.i.l.LifecycleMappingFactory - Using org.eclipse.m2e.jdt.JarLifecycleMapping lifecycle mapping for MavenProject: br.com.erudio:rest-with-springboot-udemy:0.0.1-SNAPSHOT @ C:\Users\dougl\Documents\workspace\RestWithSpringBootUdemy\pom.xml.
2023-06-01 18:29:25,823 [Worker-17: Update Maven projects configuration] INFO  o.e.m.j.i.AbstractJavaProjectConfigurator - Adding source folder /RestWithSpringBootUdemy/src/main/java
2023-06-01 18:29:25,824 [Worker-17: Update Maven projects configuration] INFO  o.e.m.j.i.AbstractJavaProjectConfigurator - Adding resource folder /RestWithSpringBootUdemy/src/main/resources
2023-06-01 18:29:25,852 [Worker-17: Update Maven projects configuration] INFO  o.e.m.j.i.AbstractJavaProjectConfigurator - Adding resource folder /RestWithSpringBootUdemy/src/main/resources
2023-06-01 18:29:25,866 [Worker-17: Update Maven projects configuration] INFO  o.e.m.j.i.AbstractJavaProjectConfigurator - Adding source folder /RestWithSpringBootUdemy/src/test/java
2023-06-01 18:29:26,157 [Worker-21: Building] INFO  o.e.m.c.i.embedder.EclipseLogger - Using 'UTF-8' encoding to copy filtered resources.
2023-06-01 18:29:26,162 [Worker-21: Building] INFO  o.e.m.c.i.embedder.EclipseLogger - Copying 1 resource
2023-06-01 18:29:26,175 [Worker-21: Building] INFO  o.e.m.c.i.embedder.EclipseLogger - Copying 12 resources
2023-06-01 18:29:26,219 [Worker-21: Building] INFO  o.e.m.c.i.embedder.EclipseLogger - Using 'UTF-8' encoding to copy filtered resources.
2023-06-01 18:29:26,219 [Worker-21: Building] INFO  o.e.m.c.i.embedder.EclipseLogger - skip non existing resourceDirectory C:\Users\dougl\Documents\workspace\RestWithSpringBootUdemy\src\test\resources
2023-06-01 18:29:28,882 [Worker-17: Update Maven projects configuration] INFO  o.e.m.c.i.p.ProjectConfigurationManager - Update completed for 1 poms: local refresh takes 0.00 sec, refresh facades takes 6.00 sec, update config takes 3.00 sec 
2023-06-01 18:29:29,641 [Worker-22: Building] INFO  o.e.m.c.i.embedder.EclipseLogger - Using 'UTF-8' encoding to copy filtered resources.
2023-06-01 18:29:29,645 [Worker-22: Building] INFO  o.e.m.c.i.embedder.EclipseLogger - Copying 1 resource
2023-06-01 18:29:29,649 [Worker-22: Building] INFO  o.e.m.c.i.embedder.EclipseLogger - Copying 12 resources
2023-06-01 18:29:29,688 [Worker-22: Building] INFO  o.e.m.c.i.embedder.EclipseLogger - Using 'UTF-8' encoding to copy filtered resources.
2023-06-01 18:29:29,688 [Worker-22: Building] INFO  o.e.m.c.i.embedder.EclipseLogger - skip non existing resourceDirectory C:\Users\dougl\Documents\workspace\RestWithSpringBootUdemy\src\test\resources
2023-06-01 19:12:24,782 [Worker-25: Launching RestWithSpringBootUdemy - Startup] INFO  o.e.m.c.i.embedder.EclipseLogger - Using 'UTF-8' encoding to copy filtered resources.
2023-06-01 19:12:24,783 [Worker-25: Launching RestWithSpringBootUdemy - Startup] INFO  o.e.m.c.i.embedder.EclipseLogger - Copying 1 resource
2023-06-01 19:12:24,789 [Worker-25: Launching RestWithSpringBootUdemy - Startup] INFO  o.e.m.c.i.embedder.EclipseLogger - Copying 0 resource
2023-06-01 19:12:24,792 [Worker-25: Launching RestWithSpringBootUdemy - Startup] INFO  o.e.m.c.i.embedder.EclipseLogger - Using 'UTF-8' encoding to copy filtered resources.
2023-06-01 19:12:24,792 [Worker-25: Launching RestWithSpringBootUdemy - Startup] INFO  o.e.m.c.i.embedder.EclipseLogger - skip non existing resourceDirectory C:\Users\dougl\Documents\workspace\RestWithSpringBootUdemy\src\test\resources
2023-06-01 19:16:35,004 [Worker-30: Launching RestWithSpringBootUdemy - Startup] INFO  o.e.m.c.i.embedder.EclipseLogger - Using 'UTF-8' encoding to copy filtered resources.
2023-06-01 19:16:35,005 [Worker-30: Launching RestWithSpringBootUdemy - Startup] INFO  o.e.m.c.i.embedder.EclipseLogger - Copying 1 resource
2023-06-01 19:16:35,006 [Worker-30: Launching RestWithSpringBootUdemy - Startup] INFO  o.e.m.c.i.embedder.EclipseLogger - Copying 0 resource
2023-06-01 19:16:35,010 [Worker-30: Launching RestWithSpringBootUdemy - Startup] INFO  o.e.m.c.i.embedder.EclipseLogger - Using 'UTF-8' encoding to copy filtered resources.
2023-06-01 19:16:35,010 [Worker-30: Launching RestWithSpringBootUdemy - Startup] INFO  o.e.m.c.i.embedder.EclipseLogger - skip non existing resourceDirectory C:\Users\dougl\Documents\workspace\RestWithSpringBootUdemy\src\test\resources
2023-06-01 19:23:41,002 [Worker-36: Launching RestWithSpringBootUdemy - Startup] INFO  o.e.m.c.i.embedder.EclipseLogger - Using 'UTF-8' encoding to copy filtered resources.
2023-06-01 19:23:41,002 [Worker-36: Launching RestWithSpringBootUdemy - Startup] INFO  o.e.m.c.i.embedder.EclipseLogger - Copying 1 resource
2023-06-01 19:23:41,005 [Worker-36: Launching RestWithSpringBootUdemy - Startup] INFO  o.e.m.c.i.embedder.EclipseLogger - Copying 0 resource
2023-06-01 19:23:41,008 [Worker-36: Launching RestWithSpringBootUdemy - Startup] INFO  o.e.m.c.i.embedder.EclipseLogger - Using 'UTF-8' encoding to copy filtered resources.
2023-06-01 19:23:41,008 [Worker-36: Launching RestWithSpringBootUdemy - Startup] INFO  o.e.m.c.i.embedder.EclipseLogger - skip non existing resourceDirectory C:\Users\dougl\Documents\workspace\RestWithSpringBootUdemy\src\test\resources
2023-06-01 19:26:18,213 [Worker-48: Building] INFO  o.e.m.c.i.embedder.EclipseLogger - Using 'UTF-8' encoding to copy filtered resources.
2023-06-01 19:26:18,214 [Worker-48: Building] INFO  o.e.m.c.i.embedder.EclipseLogger - Copying 1 resource
2023-06-01 19:26:18,217 [Worker-48: Building] INFO  o.e.m.c.i.embedder.EclipseLogger - Copying 0 resource
2023-06-01 19:26:18,226 [Worker-48: Building] INFO  o.e.m.c.i.embedder.EclipseLogger - Using 'UTF-8' encoding to copy filtered resources.
2023-06-01 19:26:18,226 [Worker-48: Building] INFO  o.e.m.c.i.embedder.EclipseLogger - skip non existing resourceDirectory C:\Users\dougl\Documents\workspace\RestWithSpringBootUdemy\src\test\resources
2023-06-01 19:33:09,249 [Worker-58: Launching RestWithSpringBootUdemy - Startup] INFO  o.e.m.c.i.embedder.EclipseLogger - Using 'UTF-8' encoding to copy filtered resources.
2023-06-01 19:33:09,250 [Worker-58: Launching RestWithSpringBootUdemy - Startup] INFO  o.e.m.c.i.embedder.EclipseLogger - Copying 0 resource
2023-06-01 19:33:09,250 [Worker-58: Launching RestWithSpringBootUdemy - Startup] INFO  o.e.m.c.i.embedder.EclipseLogger - Copying 0 resource
2023-06-01 19:33:09,254 [Worker-58: Launching RestWithSpringBootUdemy - Startup] INFO  o.e.m.c.i.embedder.EclipseLogger - Using 'UTF-8' encoding to copy filtered resources.
2023-06-01 19:33:09,255 [Worker-58: Launching RestWithSpringBootUdemy - Startup] INFO  o.e.m.c.i.embedder.EclipseLogger - skip non existing resourceDirectory C:\Users\dougl\Documents\workspace\RestWithSpringBootUdemy\src\test\resources
